Determining if the pthread_create exist failed with the following output:
Change Dir: /home/lorenz/catkin_ws/src/suspension_control/CMakeFiles/CMakeTmp

Run Build Command:/usr/bin/make "cmTryCompileExec2411708405/fast"
/usr/bin/make -f CMakeFiles/cmTryCompileExec2411708405.dir/build.make CMakeFiles/cmTryCompileExec2411708405.dir/build
make[1]: Entering directory `/home/lorenz/catkin_ws/src/suspension_control/CMakeFiles/CMakeTmp'
/usr/bin/cmake -E cmake_progress_report /home/lorenz/catkin_ws/src/suspension_control/CMakeFiles/CMakeTmp/CMakeFiles 1
Building C object CMakeFiles/cmTryCompileExec2411708405.dir/CheckSymbolExists.c.o
/usr/bin/cc    -o CMakeFiles/cmTryCompileExec2411708405.dir/CheckSymbolExists.c.o   -c /home/lorenz/catkin_ws/src/suspension_control/CMakeFiles/CMakeTmp/CheckSymbolExists.c
Linking C executable cmTryCompileExec2411708405
/usr/bin/cmake -E cmake_link_script CMakeFiles/cmTryCompileExec2411708405.dir/link.txt --verbose=1
/usr/bin/cc         CMakeFiles/cmTryCompileExec2411708405.dir/CheckSymbolExists.c.o  -o cmTryCompileExec2411708405 -rdynamic 
CMakeFiles/cmTryCompileExec2411708405.dir/CheckSymbolExists.c.o: In function `main':
CheckSymbolExists.c:(.text+0x16): undefined reference to `pthread_create'
collect2: error: ld returned 1 exit status
make[1]: *** [cmTryCompileExec2411708405] Error 1
make[1]: Leaving directory `/home/lorenz/catkin_ws/src/suspension_control/CMakeFiles/CMakeTmp'
make: *** [cmTryCompileExec2411708405/fast] Error 2

File /home/lorenz/catkin_ws/src/suspension_control/CMakeFiles/CMakeTmp/CheckSymbolExists.c:
/* */
#include <pthread.h>

int main(int argc, char** argv)
{
  (void)argv;
#ifndef pthread_create
  return ((int*)(&pthread_create))[argc];
#else
  (void)argc;
  return 0;
#endif
}

Determining if the function pthread_create exists in the pthreads failed with the following output:
Change Dir: /home/lorenz/catkin_ws/src/suspension_control/CMakeFiles/CMakeTmp

Run Build Command:/usr/bin/make "cmTryCompileExec1256836596/fast"
/usr/bin/make -f CMakeFiles/cmTryCompileExec1256836596.dir/build.make CMakeFiles/cmTryCompileExec1256836596.dir/build
make[1]: Entering directory `/home/lorenz/catkin_ws/src/suspension_control/CMakeFiles/CMakeTmp'
/usr/bin/cmake -E cmake_progress_report /home/lorenz/catkin_ws/src/suspension_control/CMakeFiles/CMakeTmp/CMakeFiles 1
Building C object CMakeFiles/cmTryCompileExec1256836596.dir/CheckFunctionExists.c.o
/usr/bin/cc   -DCHECK_FUNCTION_EXISTS=pthread_create   -o CMakeFiles/cmTryCompileExec1256836596.dir/CheckFunctionExists.c.o   -c /usr/share/cmake-2.8/Modules/CheckFunctionExists.c
Linking C executable cmTryCompileExec1256836596
/usr/bin/cmake -E cmake_link_script CMakeFiles/cmTryCompileExec1256836596.dir/link.txt --verbose=1
/usr/bin/cc     -DCHECK_FUNCTION_EXISTS=pthread_create    CMakeFiles/cmTryCompileExec1256836596.dir/CheckFunctionExists.c.o  -o cmTryCompileExec1256836596 -rdynamic -lpthreads 
/usr/bin/ld: cannot find -lpthreads
collect2: error: ld returned 1 exit status
make[1]: *** [cmTryCompileExec1256836596] Error 1
make[1]: Leaving directory `/home/lorenz/catkin_ws/src/suspension_control/CMakeFiles/CMakeTmp'
make: *** [cmTryCompileExec1256836596/fast] Error 2


